app/seeds.txt
ninja.cricks.AddMoneyActivity
ninja.cricks.ui.contest.MyTeamFragment: MyTeamFragment()
ninja.cricks.LeadersBoardActivity
ninja.cricks.SelectTeamActivity
ninja.cricks.WithdrawAmountsActivity
ninja.cricks.MyBalanceActivity
ninja.cricks.ui.notifications.MoreOptionsFragment: MoreOptionsFragment()
ninja.cricks.fcm.MyFirebaseMessagingService
ninja.cricks.network.MyAppGlideModule: MyAppGlideModule()
ninja.cricks.AddMoneyActivity: void onPaymentError(int,java.lang.String)
ninja.cricks.ui.leadersboard.LeadersBoardFragment
ninja.cricks.ui.myaccounts.TransactionFragment: TransactionFragment()
ninja.cricks.SaveTeamActivity: SaveTeamActivity()
ninja.cricks.customviews.ArcBackgroundView
ninja.cricks.NinjaApplication
ninja.cricks.LeadersBoardActivity: LeadersBoardActivity()
ninja.cricks.ui.login.RegisterScreenActivity: RegisterScreenActivity()
ninja.cricks.ui.leadersboard.PrizeBreakupFragment
ninja.cricks.TeamPreviewActivity
ninja.cricks.ui.dashboard.MyMatchesFragment: MyMatchesFragment()
ninja.cricks.customviews.CustomViewPager: CustomViewPager(android.content.Context,android.util.AttributeSet)
ninja.cricks.ui.dashboard.MyAccountFragment: MyAccountFragment()
ninja.cricks.SplashScreenActivity
ninja.cricks.OtpVerifyActivity
ninja.cricks.customviews.CustomViewPager: void setEnabled(java.lang.Boolean)
ninja.cricks.InviteFriendsActivity
ninja.cricks.ui.BaseFragment: BaseFragment()
ninja.cricks.ui.BaseActivity
ninja.cricks.bottom_nav.BottomNavBar
ninja.cricks.SaveTeamActivity
ninja.cricks.ui.contest.MyContestFragment: MyContestFragment()
ninja.cricks.ui.login.LoginScreenActivity
ninja.cricks.ui.dashboard.MyAccountFragment
ninja.cricks.FullScreenImageViewActivity
ninja.cricks.ui.mymatches.MyUpcomingMatchesFragment: MyUpcomingMatchesFragment()
ninja.cricks.ui.contest.ContestFragment: ContestFragment()
ninja.cricks.MainActivity: MainActivity()
ninja.cricks.WebActivity
ninja.cricks.ui.login.LoginScreenActivity: LoginScreenActivity()
ninja.cricks.AddMoneyActivity: AddMoneyActivity()
ninja.cricks.MoreContestActivity
ninja.cricks.UpdateApplicationActivity: UpdateApplicationActivity()
ninja.cricks.TeamPreviewActivity: TeamPreviewActivity()
ninja.cricks.ui.contest.MyTeamFragment
ninja.cricks.ui.leadersboard.PrizeBreakupFragment: PrizeBreakupFragment()
ninja.cricks.SupportActivity
ninja.cricks.ui.contest.MoreContestFragment
ninja.cricks.ui.mymatches.MyUpcomingMatchesFragment
ninja.cricks.ui.contest.MoreContestFragment: MoreContestFragment()
ninja.cricks.SplashScreenActivity: SplashScreenActivity()
ninja.cricks.ui.mymatches.MyCompletedMatchesFragment: MyCompletedMatchesFragment()
ninja.cricks.customviews.CustomViewPager
ninja.cricks.SupportActivity: SupportActivity()
ninja.cricks.MyTransactionHistoryActivity: MyTransactionHistoryActivity()
ninja.cricks.OtpVerifyActivity: OtpVerifyActivity()
ninja.cricks.DocumentsListActivity: DocumentsListActivity()
ninja.cricks.ui.mymatches.MyCompletedMatchesFragment
ninja.cricks.DataBinderMapperImpl
ninja.cricks.ChangePasswordActivity
ninja.cricks.ui.home.FixtureCricketFragment
ninja.cricks.ChangePasswordActivity: ChangePasswordActivity()
ninja.cricks.CreateTeamActivity
ninja.cricks.ContestActivity: ContestActivity()
ninja.cricks.fcm.MyFirebaseMessagingService: MyFirebaseMessagingService()
ninja.cricks.QuizContestActivity: QuizContestActivity()
ninja.cricks.ui.leadersboard.LeadersBoardFragment: LeadersBoardFragment()
ninja.cricks.RefferalFriendsListActivity: RefferalFriendsListActivity()
ninja.cricks.ContestActivity
ninja.cricks.ui.contest.MyContestFragment
ninja.cricks.NotificationListActivity
ninja.cricks.ui.BaseFragment
ninja.cricks.EditProfileActivity: EditProfileActivity()
ninja.cricks.MyTransactionHistoryActivity
ninja.cricks.MainActivity
ninja.cricks.ui.home.FixtureCricketFragment: FixtureCricketFragment()
ninja.cricks.ui.myaccounts.MyAccountBalanceFragment: MyAccountBalanceFragment()
ninja.cricks.network.IApiMethod
ninja.cricks.ui.myaccounts.MyAccountBalanceFragment
ninja.cricks.network.MyAppGlideModule
...
com.google.android.gms.internal.measurement.zzil: java.lang.Class zzk
com.google.android.gms.internal.measurement.zzdp: android.content.Context zza()
com.google.android.material.bottomappbar.BottomAppBarTopEdgeTreatment: float fabMargin
com.google.android.material.R$attr: int tabMinWidth
com.google.android.material.R$layout: int abc_list_menu_item_radio
com.google.android.gms.measurement.internal.zzjx: android.os.Handler zzb(com.google.android.gms.measurement.internal.zzjx)
com.google.android.material.floatingactionbutton.FloatingActionButtonImpl$InternalVisibilityChangedListener
com.google.android.gms.measurement.internal.zzaw
com.google.android.datatransport.runtime.scheduling.persistence.EventStoreModule_DbNameFactory: java.lang.Object get()
com.google.android.gms.measurement.internal.zzii: com.google.android.gms.measurement.internal.zzkv zzo()
com.google.firebase.crashlytics.internal.log.LogFileManager: java.lang.String LOGFILE_EXT
com.google.firebase.messaging.TopicOperation: com.google.firebase.messaging.TopicOperation subscribe(java.lang.String)
com.google.android.gms.common.api.GoogleApiClient: int SIGN_IN_MODE_OPTIONAL
com.google.android.gms.stats.WakeLock: com.google.android.gms.stats.WakeLock$zza zzo
com.google.android.gms.measurement.internal.zzfz: void zza(android.os.Bundle,com.google.android.gms.measurement.internal.zzn)
com.google.android.gms.internal.firebase-auth-api.zzto: zzto(android.os.IBinder)
com.google.android.gms.common.SupportErrorDialogFragment: com.google.android.gms.common.SupportErrorDialogFragment newInstance(android.app.Dialog)
com.google.android.gms.internal.measurement.zzpa: java.lang.Object zza()
androidx.fragment.app.Fragment: void performSaveInstanceState(android.os.Bundle)
com.razorpay.l__d$$12
com.google.android.material.chip.Chip: void setCloseIconContentDescription(java.lang.CharSequence)
com.google.firebase.platforminfo.LibraryVersionComponent$$Lambda$1: com.google.firebase.platforminfo.LibraryVersionComponent$VersionExtractor arg$2
com.google.android.gms.internal.firebase-auth-api.zzww: java.lang.String zzc
com.google.android.material.appbar.CollapsingToolbarLayout$LayoutParams: CollapsingToolbarLayout$LayoutParams(int,int,int)
com.google.android.material.tabs.TabLayout: android.content.res.ColorStateList getTabTextColors()
com.razorpay.Checkout: boolean G__G_
com.google.android.material.chip.Chip: int CLOSE_ICON_VIRTUAL_ID
com.google.android.datatransport.runtime.dagger.internal.MembersInjectors$NoOpMembersInjector: com.google.android.datatransport.runtime.dagger.internal.MembersInjectors$NoOpMembersInjector valueOf(java.lang.String)
com.google.android.gms.common.api.internal.ListenerHolders
com.google.android.gms.maps.MapView$zza: void onLowMemory()
com.razorpay.L__R$: void a_$P$(org.json.JSONObject)
com.google.android.gms.wallet.LoyaltyWalletObject$Builder: com.google.android.gms.wallet.LoyaltyWalletObject$Builder addInfoModuleDataLabeValueRow(com.google.android.gms.wallet.wobs.LabelValueRow)
com.google.android.gms.internal.identity.zzi
com.google.android.datatransport.cct.internal.AutoBatchedLogRequestEncoder$LogEventEncoder: void encode(java.lang.Object,java.lang.Object)
com.google.android.gms.internal.firebase-auth-api.zzha: com.google.android.gms.internal.firebase-auth-api.zzha zze
com.google.android.gms.internal.measurement.zzkd: com.google.android.gms.internal.measurement.zzkt zzc()
com.google.firebase.messaging.FirebaseMessaging: void send(com.google.firebase.messaging.RemoteMessage)
com.razorpay.O_$B_: org.json.JSONObject a_$P$
com.google.android.gms.internal.measurement.zzgp: com.google.android.gms.internal.measurement.zzgv zzb
com.razorpay.R$drawable: int abc_spinner_textfield_background_material
com.google.android.gms.measurement.internal.zzha: zzha(com.google.android.gms.measurement.internal.zzhb,android.os.Bundle)
com.google.android.gms.common.internal.IGmsCallbacks: void zza(int,android.os.IBinder,com.google.android.gms.common.internal.zza)