app/mapping.txt
# compiler: R8
# compiler_version: 2.1.75
# min_api: 29
# pg_map_id: 34eab62
# common_typos_disable
ninja.cricks.AddMoneyActivity -> ninja.cricks.AddMoneyActivity:
    java.lang.String PAYEMENT_TYPE_PAYTM -> I
    android.content.Context mContext -> C
    java.lang.String ADD_EXTRA_AMOUNT -> H
    java.lang.String PAYEMENT_TYPE_RAZORPAY -> K
    java.lang.String PAYEMENT_TYPE_GPAY -> J
    ninja.cricks.AddMoneyActivity$Companion Companion -> L
    org.json.JSONObject googlePayBaseConfiguration -> F
    org.json.JSONObject merchantInfo -> G
    org.json.JSONObject transactionInfo -> D
    org.json.JSONObject baseCardPaymentMethod -> E
    java.lang.String paymentMode -> y
    ninja.cricks.databinding.ActivityAddMoneyBinding mBinding -> x
    java.lang.String transactionId -> z
    java.lang.String orderId -> A
    java.lang.String TAG -> B
    53:56:void <clinit>() -> <clinit>
    41:41:java.lang.String access$getPAYEMENT_TYPE_RAZORPAY$cp() -> <init>
    41:41:void <init>():41 -> <init>
    44:445:void <init>() -> <init>
    119:119:void onBitmapSelected(android.graphics.Bitmap) -> N
    123:123:void onUploadedImageUrl(java.lang.String) -> O
    41:41:java.lang.String access$getPAYEMENT_TYPE_RAZORPAY$cp() -> d0
    41:41:java.lang.String access$getADD_EXTRA_AMOUNT$cp():41 -> d0
    41:41:java.lang.String access$getPAYEMENT_TYPE_RAZORPAY$cp() -> e0
    41:41:ninja.cricks.databinding.ActivityAddMoneyBinding access$getMBinding$p(ninja.cricks.AddMoneyActivity):41 -> e0
    41:41:java.lang.String access$getPAYEMENT_TYPE_RAZORPAY$cp() -> f0
ninja.cricks.AddMoneyActivity$Companion -> ninja.cricks.AddMoneyActivity$a:
    52:52:void <init>() -> <init>
    52:52:void <init>(kotlin.jvm.internal.DefaultConstructorMarker) -> <init>
    53:53:java.lang.String getADD_EXTRA_AMOUNT() -> a
ninja.cricks.AddMoneyActivity$addWalletBalance$1 -> ninja.cricks.AddMoneyActivity$b:
    ninja.cricks.AddMoneyActivity this$0 -> e
    604:604:void <init>(ninja.cricks.AddMoneyActivity) -> <init>
    614:628:void onResponse(retrofit2.Call,retrofit2.Response) -> b
    606:608:void onFailure(retrofit2.Call,java.lang.Throwable) -> d
ninja.cricks.AddMoneyActivity$getWalletBalances$1 -> ninja.cricks.AddMoneyActivity$c:
    ninja.cricks.AddMoneyActivity this$0 -> e
    554:554:void <init>(ninja.cricks.AddMoneyActivity) -> <init>
    563:584:void onResponse(retrofit2.Call,retrofit2.Response) -> b
    556:557:void onFailure(retrofit2.Call,java.lang.Throwable) -> d
ninja.cricks.AddMoneyActivity$onCreate$1 -> ninja.cricks.AddMoneyActivity$d:
    ninja.cricks.AddMoneyActivity this$0 -> e
    140:141:void onClick(android.view.View) -> onClick
ninja.cricks.AddMoneyActivity$onCreate$2 -> ninja.cricks.AddMoneyActivity$e:
    ninja.cricks.AddMoneyActivity this$0 -> e
    159:172:void onClick(android.view.View) -> onClick
ninja.cricks.AddMoneyActivity$onCreate$3 -> ninja.cricks.AddMoneyActivity$f:
    ninja.cricks.AddMoneyActivity this$0 -> e
    174:188:void onClick(android.view.View) -> onClick
ninja.cricks.AddMoneyActivity$onCreate$4 -> ninja.cricks.AddMoneyActivity$g:
    ninja.cricks.AddMoneyActivity this$0 -> e
    190:202:void onClick(android.view.View) -> onClick
ninja.cricks.AddMoneyActivity$onCreate$5 -> ninja.cricks.AddMoneyActivity$h:
    ninja.cricks.AddMoneyActivity this$0 -> e
    204:216:void onClick(android.view.View) -> onClick
ninja.cricks.AddMoneyActivity$onCreate$6 -> ninja.cricks.AddMoneyActivity$i:
    ninja.cricks.AddMoneyActivity this$0 -> e
    219:241:void onClick(android.view.View) -> onClick
ninja.cricks.AddMoneyActivity$payUsingPaytm$1 -> ninja.cricks.AddMoneyActivity$j:
    ninja.cricks.AddMoneyActivity this$0 -> a
    249:249:void <init>(ninja.cricks.AddMoneyActivity) -> <init>
    251:307:void payNow(java.util.HashMap) -> a
...
retrofit2.ParameterHandler$FieldMap -> retrofit2.o$e:
    int p -> b
    java.lang.reflect.Method method -> a
    retrofit2.Converter valueConverter -> c
    boolean encoded -> d
    285:290:void <init>(java.lang.reflect.Method,int,retrofit2.Converter,boolean) -> <init>
    279:279:void apply(retrofit2.RequestBuilder,java.lang.Object) -> a
    294:325:void apply(retrofit2.RequestBuilder,java.util.Map) -> d
retrofit2.ParameterHandler$Header -> retrofit2.o$f:
    java.lang.String name -> a
    retrofit2.Converter valueConverter -> b
    79:82:void <init>(java.lang.String,retrofit2.Converter) -> <init>
    86:92:void apply(retrofit2.RequestBuilder,java.lang.Object) -> a
retrofit2.ParameterHandler$HeaderMap -> retrofit2.o$g:
    int p -> b
    java.lang.reflect.Method method -> a
    retrofit2.Converter valueConverter -> c
    212:216:void <init>(java.lang.reflect.Method,int,retrofit2.Converter) -> <init>
    207:207:void apply(retrofit2.RequestBuilder,java.lang.Object) -> a
    220:236:void apply(retrofit2.RequestBuilder,java.util.Map) -> d
retrofit2.ParameterHandler$Headers -> retrofit2.o$h:
    int p -> b
    java.lang.reflect.Method method -> a
    243:246:void <init>(java.lang.reflect.Method,int) -> <init>
    239:239:void apply(retrofit2.RequestBuilder,java.lang.Object) -> a
    250:254:void apply(retrofit2.RequestBuilder,okhttp3.Headers) -> d
retrofit2.ParameterHandler$Part -> retrofit2.o$i:
    int p -> b
    retrofit2.Converter converter -> d
    java.lang.reflect.Method method -> a
    okhttp3.Headers headers -> c
    334:339:void <init>(java.lang.reflect.Method,int,okhttp3.Headers,retrofit2.Converter) -> <init>
    343:352:void apply(retrofit2.RequestBuilder,java.lang.Object) -> a
retrofit2.ParameterHandler$PartMap -> retrofit2.o$j:
    int p -> b
    java.lang.reflect.Method method -> a
    retrofit2.Converter valueConverter -> c
    java.lang.String transferEncoding -> d
    375:380:void <init>(java.lang.reflect.Method,int,retrofit2.Converter,java.lang.String) -> <init>
    368:368:void apply(retrofit2.RequestBuilder,java.lang.Object) -> a
    384:408:void apply(retrofit2.RequestBuilder,java.util.Map) -> d
retrofit2.ParameterHandler$Path -> retrofit2.o$k:
    boolean encoded -> e
    int p -> b
    java.lang.String name -> c
    retrofit2.Converter valueConverter -> d
    java.lang.reflect.Method method -> a
    102:108:void <init>(java.lang.reflect.Method,int,java.lang.String,retrofit2.Converter,boolean) -> <init>
    112:117:void apply(retrofit2.RequestBuilder,java.lang.Object) -> a
retrofit2.ParameterHandler$Query -> retrofit2.o$l:
    java.lang.String name -> a
    boolean encoded -> c
    retrofit2.Converter valueConverter -> b
    125:129:void <init>(java.lang.String,retrofit2.Converter,boolean) -> <init>
    133:139:void apply(retrofit2.RequestBuilder,java.lang.Object) -> a
retrofit2.ParameterHandler$QueryMap -> retrofit2.o$m:
    int p -> b
    java.lang.reflect.Method method -> a
    retrofit2.Converter valueConverter -> c
    boolean encoded -> d
    164:169:void <init>(java.lang.reflect.Method,int,retrofit2.Converter,boolean) -> <init>
    158:158:void apply(retrofit2.RequestBuilder,java.lang.Object) -> a
    173:204:void apply(retrofit2.RequestBuilder,java.util.Map) -> d
retrofit2.ParameterHandler$QueryName -> retrofit2.o$n:
    retrofit2.Converter nameConverter -> a
    boolean encoded -> b
    146:149:void <init>(retrofit2.Converter,boolean) -> <init>
    153:155:void apply(retrofit2.RequestBuilder,java.lang.Object) -> a
retrofit2.ParameterHandler$RawPart -> retrofit2.o$o:
    retrofit2.ParameterHandler$RawPart INSTANCE -> a
    356:356:void <clinit>() -> <clinit>
    358:358:void <init>() -> <init>
    355:355:void apply(retrofit2.RequestBuilder,java.lang.Object) -> a
    362:365:void apply(retrofit2.RequestBuilder,okhttp3.MultipartBody$Part) -> d