app/unused.txt
ninja.cricks.DataBinderMapperImpl$InnerBrLookup
ninja.cricks.databinding.ActivityOtpVerifyBindingImpl:
    public boolean setVariable(int,java.lang.Object)
    public void setContentviews(ninja.cricks.OtpVerifyActivity)
    protected boolean onFieldChange(int,java.lang.Object,int)
ninja.cricks.ui.contest.MyContestFragment$MyContestAdapter:
    public static final synthetic void access$setMatchesListObject$p(ninja.cricks.ui.contest.MyContestFragment$MyContestAdapter,java.util.ArrayList)
    public final android.app.Activity getContext()
ninja.cricks.MaintainanceActivity:
    public android.view.View _$_findCachedViewById(int)
    public void _$_clearFindViewByIdCache()
    private java.util.HashMap _$_findViewCache
ninja.cricks.ui.JoinContestDialogFragment$initWalletInfo$1
ninja.cricks.ui.login.RegisterScreenActivity$Companion:
    public final void setISACTIVITYRESULT(java.lang.String)
ninja.cricks.databinding.ActivityNotificationListBindingImpl:
    public boolean setVariable(int,java.lang.Object)
    public void setContentviews(ninja.cricks.NotificationListActivity)
    protected boolean onFieldChange(int,java.lang.Object,int)
ninja.cricks.databinding.ContestRowsInnerBinding:
    public static ninja.cricks.databinding.ContestRowsInnerBinding inflate(android.view.LayoutInflater,android.view.ViewGroup,boolean)
    public static ninja.cricks.databinding.ContestRowsInnerBinding inflate(android.view.LayoutInflater,android.view.ViewGroup,boolean,java.lang.Object)
    public static ninja.cricks.databinding.ContestRowsInnerBinding inflate(android.view.LayoutInflater)
    public static ninja.cricks.databinding.ContestRowsInnerBinding inflate(android.view.LayoutInflater,java.lang.Object)
    public static ninja.cricks.databinding.ContestRowsInnerBinding bind(android.view.View)
    public static ninja.cricks.databinding.ContestRowsInnerBinding bind(android.view.View,java.lang.Object)
ninja.cricks.databinding.ActivityMyBallanceBinding:
    public static ninja.cricks.databinding.ActivityMyBallanceBinding inflate(android.view.LayoutInflater,android.view.ViewGroup,boolean)
    public static ninja.cricks.databinding.ActivityMyBallanceBinding inflate(android.view.LayoutInflater,android.view.ViewGroup,boolean,java.lang.Object)
    public static ninja.cricks.databinding.ActivityMyBallanceBinding inflate(android.view.LayoutInflater)
    public static ninja.cricks.databinding.ActivityMyBallanceBinding inflate(android.view.LayoutInflater,java.lang.Object)
    public static ninja.cricks.databinding.ActivityMyBallanceBinding bind(android.view.View)
    public static ninja.cricks.databinding.ActivityMyBallanceBinding bind(android.view.View,java.lang.Object)
    public abstract void setContentviews(ninja.cricks.MyBalanceActivity)
    public ninja.cricks.MyBalanceActivity getContentviews()
    protected ninja.cricks.MyBalanceActivity mContentviews
ninja.cricks.databinding.FragmentMoreContestBinding:
    public static ninja.cricks.databinding.FragmentMoreContestBinding inflate(android.view.LayoutInflater,android.view.ViewGroup,boolean)
    public static ninja.cricks.databinding.FragmentMoreContestBinding inflate(android.view.LayoutInflater,android.view.ViewGroup,boolean,java.lang.Object)
    public static ninja.cricks.databinding.FragmentMoreContestBinding inflate(android.view.LayoutInflater)
    public static ninja.cricks.databinding.FragmentMoreContestBinding inflate(android.view.LayoutInflater,java.lang.Object)
    public static ninja.cricks.databinding.FragmentMoreContestBinding bind(android.view.View)
    public static ninja.cricks.databinding.FragmentMoreContestBinding bind(android.view.View,java.lang.Object)
    public abstract void setViewmodel(ninja.cricks.ui.contest.MoreContestFragment)
    public ninja.cricks.ui.contest.MoreContestFragment getViewmodel()
    protected ninja.cricks.ui.contest.MoreContestFragment mViewmodel
...
androidx.recyclerview.widget.ItemTouchHelper$1
androidx.constraintlayout.motion.widget.KeyCycleOscillator$CycleOscillator
pl.droidsonroids.gif.R$styleable:
    private void <init>()
    public static final int GifTextureView_gifSource
    public static final int GifTextureView_isOpaque
androidx.legacy.coreutils.R$layout
androidx.databinding.BindingBuildInfo
androidx.constraintlayout.solver.widgets.analyzer.DependencyGraph:
    private void displayGraph()
    private java.lang.String generateDisplayNode(androidx.constraintlayout.solver.widgets.analyzer.DependencyNode,boolean,java.lang.String)
    private java.lang.String nodeDefinition(androidx.constraintlayout.solver.widgets.analyzer.WidgetRun)
    private java.lang.String generateChainDisplayGraph(androidx.constraintlayout.solver.widgets.analyzer.ChainRun,java.lang.String)
    private boolean isCenteredConnection(androidx.constraintlayout.solver.widgets.analyzer.DependencyNode,androidx.constraintlayout.solver.widgets.analyzer.DependencyNode)
    private java.lang.String generateDisplayGraph(androidx.constraintlayout.solver.widgets.analyzer.WidgetRun,java.lang.String)
    public void defineTerminalWidgets(androidx.constraintlayout.solver.widgets.ConstraintWidget$DimensionBehaviour,androidx.constraintlayout.solver.widgets.ConstraintWidget$DimensionBehaviour)
    private static final boolean USE_GROUPS
kotlin.sequences.SequencesKt___SequencesKt$filterIndexed$2
kotlinx.coroutines.channels.AbstractSendChannel$TryOfferDesc
kotlin.UByteKt
kotlinx.coroutines.test.TimedRunnableObsolete
androidx.legacy.coreutils.R$string
androidx.constraintlayout.motion.widget.KeyFrames
androidx.navigation.common.ktx.R$styleable
androidx.core.widget.AutoScrollHelper:
    public boolean isEnabled()
    public androidx.core.widget.AutoScrollHelper setExclusive(boolean)
    public boolean isExclusive()
    public static final float RELATIVE_UNSPECIFIED
    public static final float NO_MAX
    public static final float NO_MIN
    public static final int EDGE_TYPE_INSIDE
    public static final int EDGE_TYPE_INSIDE_EXTEND
    public static final int EDGE_TYPE_OUTSIDE
    private static final int HORIZONTAL
    private static final int VERTICAL
    private static final int DEFAULT_EDGE_TYPE
    private static final int DEFAULT_MINIMUM_VELOCITY_DIPS
    private static final int DEFAULT_MAXIMUM_VELOCITY_DIPS
    private static final float DEFAULT_MAXIMUM_EDGE
    private static final float DEFAULT_RELATIVE_EDGE
    private static final float DEFAULT_RELATIVE_VELOCITY
    private static final int DEFAULT_RAMP_UP_DURATION
    private static final int DEFAULT_RAMP_DOWN_DURATION
kotlinx.coroutines.flow.FlowKt__ZipKt$combine$$inlined$unsafeFlow$5$lambda$2
android.support.v4.app.INotificationSideChannel$Default
androidx.swiperefreshlayout.R$style
androidx.databinding.ViewDataBinding$3:
    public androidx.databinding.ViewDataBinding$WeakListener create(androidx.databinding.ViewDataBinding,int)
androidx.browser.trusted.TrustedWebActivityServiceConnection$NotificationsEnabledArgs
kotlinx.coroutines.flow.internal.NullSurrogateKt
okio.BufferedSink:
    public abstract okio.Buffer buffer()
    public abstract okio.BufferedSink write(okio.ByteString,int,int)
    public abstract okio.BufferedSink write(okio.Source,long)
    public abstract okio.BufferedSink writeUtf8(java.lang.String,int,int)
    public abstract okio.BufferedSink writeUtf8CodePoint(int)
    public abstract okio.BufferedSink writeString(java.lang.String,java.nio.charset.Charset)
    public abstract okio.BufferedSink writeString(java.lang.String,int,int,java.nio.charset.Charset)
    public abstract okio.BufferedSink writeShortLe(int)
    public abstract okio.BufferedSink writeIntLe(int)
    public abstract okio.BufferedSink writeLong(long)
    public abstract okio.BufferedSink writeLongLe(long)
    public abstract okio.BufferedSink emit()
    public abstract java.io.OutputStream outputStream()